# JRE version: Java(TM) SE Runtime Environment (8.0_101-b13) (build 1.8.0_101-b13)
# Java VM: Java HotSpot(TM) 64-Bit Server VM (25.101-b13 mixed mode bsd-amd64 compressed oops)
Heap:
 PSYoungGen      total 285696K, used 198934K [0x00000007aab00000, 0x00000007be600000, 0x00000007c0000000)
  eden space 259584K, 66% used [0x00000007aab00000,0x00000007b5468948,0x00000007ba880000)
  from space 26112K, 97% used [0x00000007bc580000,0x00000007bde5d230,0x00000007bdf00000)
  to   space 29696K, 0% used [0x00000007ba880000,0x00000007ba880000,0x00000007bc580000)
 ParOldGen       total 87552K, used 46735K [0x0000000780000000, 0x0000000785580000, 0x00000007aab00000)
  object space 87552K, 53% used [0x0000000780000000,0x0000000782da3e08,0x0000000785580000)
 Metaspace       used 12380K, capacity 12948K, committed 13056K, reserved 1060864K
  class space    used 1886K, capacity 2007K, committed 2048K, reserved 1048576K
GC Heap History (10 events):
Event: 39.196 GC heap before
{Heap before GC invocations=4 (full 0):
 PSYoungGen      total 38400K, used 38081K [0x00000007aab00000, 0x00000007af600000, 0x00000007c0000000)
  eden space 33280K, 99% used [0x00000007aab00000,0x00000007acb35c18,0x00000007acb80000)
  from space 5120K, 99% used [0x00000007acb80000,0x00000007ad07aaa0,0x00000007ad080000)
  to   space 5120K, 0% used [0x00000007af100000,0x00000007af100000,0x00000007af600000)
 ParOldGen       total 87552K, used 13964K [0x0000000780000000, 0x0000000785580000, 0x00000007aab00000)
  object space 87552K, 15% used [0x0000000780000000,0x0000000780da3218,0x0000000785580000)
 Metaspace       used 10217K, capacity 10570K, committed 10624K, reserved 1058816K
  class space    used 1543K, capacity 1627K, committed 1664K, reserved 1048576K
Event: 39.223 GC heap after
Heap after GC invocations=4 (full 0):
 PSYoungGen      total 71680K, used 5096K [0x00000007aab00000, 0x00000007af600000, 0x00000007c0000000)
  eden space 66560K, 0% used [0x00000007aab00000,0x00000007aab00000,0x00000007aec00000)
  from space 5120K, 99% used [0x00000007af100000,0x00000007af5fa220,0x00000007af600000)
  to   space 5120K, 0% used [0x00000007aec00000,0x00000007aec00000,0x00000007af100000)
 ParOldGen       total 87552K, used 20149K [0x0000000780000000, 0x0000000785580000, 0x00000007aab00000)
  object space 87552K, 23% used [0x0000000780000000,0x00000007813ad5b8,0x0000000785580000)
 Metaspace       used 10217K, capacity 10570K, committed 10624K, reserved 1058816K
  class space    used 1543K, capacity 1627K, committed 1664K, reserved 1048576K
}
Event: 39.405 GC heap before
{Heap before GC invocations=5 (full 0):
 PSYoungGen      total 71680K, used 71656K [0x00000007aab00000, 0x00000007af600000, 0x00000007c0000000)
  eden space 66560K, 100% used [0x00000007aab00000,0x00000007aec00000,0x00000007aec00000)
  from space 5120K, 99% used [0x00000007af100000,0x00000007af5fa220,0x00000007af600000)
  to   space 5120K, 0% used [0x00000007aec00000,0x00000007aec00000,0x00000007af100000)
 ParOldGen       total 87552K, used 20149K [0x0000000780000000, 0x0000000785580000, 0x00000007aab00000)
  object space 87552K, 23% used [0x0000000780000000,0x00000007813ad5b8,0x0000000785580000)
 Metaspace       used 10233K, capacity 10582K, committed 10624K, reserved 1058816K
  class space    used 1545K, capacity 1629K, committed 1664K, reserved 1048576K
Event: 39.445 GC heap after
Heap after GC invocations=5 (full 0):
 PSYoungGen      total 71680K, used 5107K [0x00000007aab00000, 0x00000007b4700000, 0x00000007c0000000)
  eden space 66560K, 0% used [0x00000007aab00000,0x00000007aab00000,0x00000007aec00000)
  from space 5120K, 99% used [0x00000007aec00000,0x00000007af0fcc88,0x00000007af100000)
  to   space 13312K, 0% used [0x00000007b3a00000,0x00000007b3a00000,0x00000007b4700000)
 ParOldGen       total 87552K, used 26637K [0x0000000780000000, 0x0000000785580000, 0x00000007aab00000)
  object space 87552K, 30% used [0x0000000780000000,0x0000000781a035c8,0x0000000785580000)
 Metaspace       used 10233K, capacity 10582K, committed 10624K, reserved 1058816K
  class space    used 1545K, capacity 1629K, committed 1664K, reserved 1048576K
}
Event: 39.765 GC heap before
{Heap before GC invocations=6 (full 0):
 PSYoungGen      total 71680K, used 71667K [0x00000007aab00000, 0x00000007b4700000, 0x00000007c0000000)
  eden space 66560K, 100% used [0x00000007aab00000,0x00000007aec00000,0x00000007aec00000)
  from space 5120K, 99% used [0x00000007aec00000,0x00000007af0fcc88,0x00000007af100000)
  to   space 13312K, 0% used [0x00000007b3a00000,0x00000007b3a00000,0x00000007b4700000)
 ParOldGen       total 87552K, used 26637K [0x0000000780000000, 0x0000000785580000, 0x00000007aab00000)
  object space 87552K, 30% used [0x0000000780000000,0x0000000781a035c8,0x0000000785580000)
 Metaspace       used 10243K, capacity 10582K, committed 10624K, reserved 1058816K
  class space    used 1545K, capacity 1629K, committed 1664K, reserved 1048576K
Event: 39.801 GC heap after
Heap after GC invocations=6 (full 0):
 PSYoungGen      total 144896K, used 13288K [0x00000007aab00000, 0x00000007b4a00000, 0x00000007c0000000)
  eden space 131584K, 0% used [0x00000007aab00000,0x00000007aab00000,0x00000007b2b80000)
  from space 13312K, 99% used [0x00000007b3a00000,0x00000007b46fa370,0x00000007b4700000)
  to   space 14848K, 0% used [0x00000007b2b80000,0x00000007b2b80000,0x00000007b3a00000)
 ParOldGen       total 87552K, used 26813K [0x0000000780000000, 0x0000000785580000, 0x00000007aab00000)
  object space 87552K, 30% used [0x0000000780000000,0x0000000781a2f5c8,0x0000000785580000)
 Metaspace       used 10243K, capacity 10582K, committed 10624K, reserved 1058816K
  class space    used 1545K, capacity 1629K, committed 1664K, reserved 1048576K
}
Event: 41.077 GC heap before
{Heap before GC invocations=7 (full 0):
 PSYoungGen      total 144896K, used 144872K [0x00000007aab00000, 0x00000007b4a00000, 0x00000007c0000000)
  eden space 131584K, 100% used [0x00000007aab00000,0x00000007b2b80000,0x00000007b2b80000)
  from space 13312K, 99% used [0x00000007b3a00000,0x00000007b46fa370,0x00000007b4700000)
  to   space 14848K, 0% used [0x00000007b2b80000,0x00000007b2b80000,0x00000007b3a00000)
 ParOldGen       total 87552K, used 26813K [0x0000000780000000, 0x0000000785580000, 0x00000007aab00000)
  object space 87552K, 30% used [0x0000000780000000,0x0000000781a2f5c8,0x0000000785580000)
 Metaspace       used 11968K, capacity 12494K, committed 12672K, reserved 1060864K
  class space    used 1806K, capacity 1903K, committed 1920K, reserved 1048576K
Event: 41.182 GC heap after
Heap after GC invocations=7 (full 0):
 PSYoungGen      total 146432K, used 14841K [0x00000007aab00000, 0x00000007bdf00000, 0x00000007c0000000)
  eden space 131584K, 0% used [0x00000007aab00000,0x00000007aab00000,0x00000007b2b80000)
  from space 14848K, 99% used [0x00000007b2b80000,0x00000007b39fe7a8,0x00000007b3a00000)
  to   space 26112K, 0% used [0x00000007bc580000,0x00000007bc580000,0x00000007bdf00000)
 ParOldGen       total 87552K, used 46631K [0x0000000780000000, 0x0000000785580000, 0x00000007aab00000)
  object space 87552K, 53% used [0x0000000780000000,0x0000000782d89e08,0x0000000785580000)
 Metaspace       used 11968K, capacity 12494K, committed 12672K, reserved 1060864K
  class space    used 1806K, capacity 1903K, committed 1920K, reserved 1048576K
}
Event: 41.507 GC heap before
{Heap before GC invocations=8 (full 0):
 PSYoungGen      total 146432K, used 146425K [0x00000007aab00000, 0x00000007bdf00000, 0x00000007c0000000)
  eden space 131584K, 100% used [0x00000007aab00000,0x00000007b2b80000,0x00000007b2b80000)
  from space 14848K, 99% used [0x00000007b2b80000,0x00000007b39fe7a8,0x00000007b3a00000)
  to   space 26112K, 0% used [0x00000007bc580000,0x00000007bc580000,0x00000007bdf00000)
 ParOldGen       total 87552K, used 46631K [0x0000000780000000, 0x0000000785580000, 0x00000007aab00000)
  object space 87552K, 53% used [0x0000000780000000,0x0000000782d89e08,0x0000000785580000)
 Metaspace       used 12060K, capacity 12598K, committed 12800K, reserved 1060864K
  class space    used 1848K, capacity 1938K, committed 2048K, reserved 1048576K
Event: 41.634 GC heap after
Heap after GC invocations=8 (full 0):
 PSYoungGen      total 285696K, used 25460K [0x00000007aab00000, 0x00000007be600000, 0x00000007c0000000)
  eden space 259584K, 0% used [0x00000007aab00000,0x00000007aab00000,0x00000007ba880000)
  from space 26112K, 97% used [0x00000007bc580000,0x00000007bde5d230,0x00000007bdf00000)
  to   space 29696K, 0% used [0x00000007ba880000,0x00000007ba880000,0x00000007bc580000)
 ParOldGen       total 87552K, used 46735K [0x0000000780000000, 0x0000000785580000, 0x00000007aab00000)
  object space 87552K, 53% used [0x0000000780000000,0x0000000782da3e08,0x0000000785580000)
 Metaspace       used 12060K, capacity 12598K, committed 12800K, reserved 1060864K
  class space    used 1848K, capacity 1938K, committed 2048K, reserved 1048576K
}

