# JRE version: Java(TM) SE Runtime Environment (8.0_101-b13) (build 1.8.0_101-b13)
# Java VM: Java HotSpot(TM) 64-Bit Server VM (25.101-b13 mixed mode bsd-amd64 compressed oops)
Heap:
 PSYoungGen      total 286208K, used 48803K [0x00000007aab00000, 0x00000007c0000000, 0x00000007c0000000)
  eden space 257536K, 7% used [0x00000007aab00000,0x00000007abeaa1b8,0x00000007ba680000)
  from space 28672K, 99% used [0x00000007ba680000,0x00000007bc27eb20,0x00000007bc280000)
  to   space 37888K, 0% used [0x00000007bdb00000,0x00000007bdb00000,0x00000007c0000000)
 ParOldGen       total 87552K, used 59581K [0x0000000780000000, 0x0000000785580000, 0x00000007aab00000)
  object space 87552K, 68% used [0x0000000780000000,0x0000000783a2f4e0,0x0000000785580000)
 Metaspace       used 12519K, capacity 13076K, committed 13312K, reserved 1060864K
  class space    used 1887K, capacity 2007K, committed 2048K, reserved 1048576K
GC Heap History (10 events):
Event: 60.834 GC heap before
{Heap before GC invocations=5 (full 0):
 PSYoungGen      total 71680K, used 71656K [0x00000007aab00000, 0x00000007af600000, 0x00000007c0000000)
  eden space 66560K, 100% used [0x00000007aab00000,0x00000007aec00000,0x00000007aec00000)
  from space 5120K, 99% used [0x00000007af100000,0x00000007af5fa208,0x00000007af600000)
  to   space 5120K, 0% used [0x00000007aec00000,0x00000007aec00000,0x00000007af100000)
 ParOldGen       total 87552K, used 19360K [0x0000000780000000, 0x0000000785580000, 0x00000007aab00000)
  object space 87552K, 22% used [0x0000000780000000,0x00000007812e8200,0x0000000785580000)
 Metaspace       used 10314K, capacity 10712K, committed 10880K, reserved 1058816K
  class space    used 1547K, capacity 1630K, committed 1664K, reserved 1048576K
Event: 60.865 GC heap after
Heap after GC invocations=5 (full 0):
 PSYoungGen      total 71680K, used 5107K [0x00000007aab00000, 0x00000007b4800000, 0x00000007c0000000)
  eden space 66560K, 0% used [0x00000007aab00000,0x00000007aab00000,0x00000007aec00000)
  from space 5120K, 99% used [0x00000007aec00000,0x00000007af0fcc80,0x00000007af100000)
  to   space 13824K, 0% used [0x00000007b3a80000,0x00000007b3a80000,0x00000007b4800000)
 ParOldGen       total 87552K, used 26888K [0x0000000780000000, 0x0000000785580000, 0x00000007aab00000)
  object space 87552K, 30% used [0x0000000780000000,0x0000000781a42220,0x0000000785580000)
 Metaspace       used 10314K, capacity 10712K, committed 10880K, reserved 1058816K
  class space    used 1547K, capacity 1630K, committed 1664K, reserved 1048576K
}
Event: 61.142 GC heap before
{Heap before GC invocations=6 (full 0):
 PSYoungGen      total 71680K, used 71667K [0x00000007aab00000, 0x00000007b4800000, 0x00000007c0000000)
  eden space 66560K, 100% used [0x00000007aab00000,0x00000007aec00000,0x00000007aec00000)
  from space 5120K, 99% used [0x00000007aec00000,0x00000007af0fcc80,0x00000007af100000)
  to   space 13824K, 0% used [0x00000007b3a80000,0x00000007b3a80000,0x00000007b4800000)
 ParOldGen       total 87552K, used 26888K [0x0000000780000000, 0x0000000785580000, 0x00000007aab00000)
  object space 87552K, 30% used [0x0000000780000000,0x0000000781a42220,0x0000000785580000)
 Metaspace       used 10323K, capacity 10712K, committed 10880K, reserved 1058816K
  class space    used 1547K, capacity 1630K, committed 1664K, reserved 1048576K
Event: 61.167 GC heap after
Heap after GC invocations=6 (full 0):
 PSYoungGen      total 145920K, used 13405K [0x00000007aab00000, 0x00000007b4a00000, 0x00000007c0000000)
  eden space 132096K, 0% used [0x00000007aab00000,0x00000007aab00000,0x00000007b2c00000)
  from space 13824K, 96% used [0x00000007b3a80000,0x00000007b4797580,0x00000007b4800000)
  to   space 14848K, 0% used [0x00000007b2c00000,0x00000007b2c00000,0x00000007b3a80000)
 ParOldGen       total 87552K, used 26896K [0x0000000780000000, 0x0000000785580000, 0x00000007aab00000)
  object space 87552K, 30% used [0x0000000780000000,0x0000000781a44220,0x0000000785580000)
 Metaspace       used 10323K, capacity 10712K, committed 10880K, reserved 1058816K
  class space    used 1547K, capacity 1630K, committed 1664K, reserved 1048576K
}
Event: 63.230 GC heap before
{Heap before GC invocations=7 (full 0):
 PSYoungGen      total 145920K, used 145501K [0x00000007aab00000, 0x00000007b4a00000, 0x00000007c0000000)
  eden space 132096K, 100% used [0x00000007aab00000,0x00000007b2c00000,0x00000007b2c00000)
  from space 13824K, 96% used [0x00000007b3a80000,0x00000007b4797580,0x00000007b4800000)
  to   space 14848K, 0% used [0x00000007b2c00000,0x00000007b2c00000,0x00000007b3a80000)
 ParOldGen       total 87552K, used 26896K [0x0000000780000000, 0x0000000785580000, 0x00000007aab00000)
  object space 87552K, 30% used [0x0000000780000000,0x0000000781a44220,0x0000000785580000)
 Metaspace       used 12070K, capacity 12614K, committed 12672K, reserved 1060864K
  class space    used 1806K, capacity 1903K, committed 1920K, reserved 1048576K
Event: 63.297 GC heap after
Heap after GC invocations=7 (full 0):
 PSYoungGen      total 146944K, used 14843K [0x00000007aab00000, 0x00000007bd800000, 0x00000007c0000000)
  eden space 132096K, 0% used [0x00000007aab00000,0x00000007aab00000,0x00000007b2c00000)
  from space 14848K, 99% used [0x00000007b2c00000,0x00000007b3a7ec80,0x00000007b3a80000)
  to   space 22016K, 0% used [0x00000007bc280000,0x00000007bc280000,0x00000007bd800000)
 ParOldGen       total 87552K, used 37758K [0x0000000780000000, 0x0000000785580000, 0x00000007aab00000)
  object space 87552K, 43% used [0x0000000780000000,0x00000007824df960,0x0000000785580000)
 Metaspace       used 12070K, capacity 12614K, committed 12672K, reserved 1060864K
  class space    used 1806K, capacity 1903K, committed 1920K, reserved 1048576K
}
Event: 63.622 GC heap before
{Heap before GC invocations=8 (full 0):
 PSYoungGen      total 146944K, used 146939K [0x00000007aab00000, 0x00000007bd800000, 0x00000007c0000000)
  eden space 132096K, 100% used [0x00000007aab00000,0x00000007b2c00000,0x00000007b2c00000)
  from space 14848K, 99% used [0x00000007b2c00000,0x00000007b3a7ec80,0x00000007b3a80000)
  to   space 22016K, 0% used [0x00000007bc280000,0x00000007bc280000,0x00000007bd800000)
 ParOldGen       total 87552K, used 37758K [0x0000000780000000, 0x0000000785580000, 0x00000007aab00000)
  object space 87552K, 43% used [0x0000000780000000,0x00000007824df960,0x0000000785580000)
 Metaspace       used 12173K, capacity 12718K, committed 13056K, reserved 1060864K
  class space    used 1845K, capacity 1935K, committed 2048K, reserved 1048576K
Event: 63.684 GC heap after
Heap after GC invocations=8 (full 0):
 PSYoungGen      total 279552K, used 22011K [0x00000007aab00000, 0x00000007be500000, 0x00000007c0000000)
  eden space 257536K, 0% used [0x00000007aab00000,0x00000007aab00000,0x00000007ba680000)
  from space 22016K, 99% used [0x00000007bc280000,0x00000007bd7fec80,0x00000007bd800000)
  to   space 28672K, 0% used [0x00000007ba680000,0x00000007ba680000,0x00000007bc280000)
 ParOldGen       total 87552K, used 46099K [0x0000000780000000, 0x0000000785580000, 0x00000007aab00000)
  object space 87552K, 52% used [0x0000000780000000,0x0000000782d04e58,0x0000000785580000)
 Metaspace       used 12173K, capacity 12718K, committed 13056K, reserved 1060864K
  class space    used 1845K, capacity 1935K, committed 2048K, reserved 1048576K
}
Event: 148.250 GC heap before
{Heap before GC invocations=9 (full 0):
 PSYoungGen      total 279552K, used 279547K [0x00000007aab00000, 0x00000007be500000, 0x00000007c0000000)
  eden space 257536K, 100% used [0x00000007aab00000,0x00000007ba680000,0x00000007ba680000)
  from space 22016K, 99% used [0x00000007bc280000,0x00000007bd7fec80,0x00000007bd800000)
  to   space 28672K, 0% used [0x00000007ba680000,0x00000007ba680000,0x00000007bc280000)
 ParOldGen       total 87552K, used 46099K [0x0000000780000000, 0x0000000785580000, 0x00000007aab00000)
  object space 87552K, 52% used [0x0000000780000000,0x0000000782d04e58,0x0000000785580000)
 Metaspace       used 12519K, capacity 13076K, committed 13312K, reserved 1060864K
  class space    used 1887K, capacity 2007K, committed 2048K, reserved 1048576K
Event: 148.556 GC heap after
Heap after GC invocations=9 (full 0):
 PSYoungGen      total 286208K, used 28666K [0x00000007aab00000, 0x00000007c0000000, 0x00000007c0000000)
  eden space 257536K, 0% used [0x00000007aab00000,0x00000007aab00000,0x00000007ba680000)
  from space 28672K, 99% used [0x00000007ba680000,0x00000007bc27eb20,0x00000007bc280000)
  to   space 37888K, 0% used [0x00000007bdb00000,0x00000007bdb00000,0x00000007c0000000)
 ParOldGen       total 87552K, used 59581K [0x0000000780000000, 0x0000000785580000, 0x00000007aab00000)
  object space 87552K, 68% used [0x0000000780000000,0x0000000783a2f4e0,0x0000000785580000)
 Metaspace       used 12519K, capacity 13076K, committed 13312K, reserved 1060864K
  class space    used 1887K, capacity 2007K, committed 2048K, reserved 1048576K
}

