# JRE version: Java(TM) SE Runtime Environment (8.0_101-b13) (build 1.8.0_101-b13)
# Java VM: Java HotSpot(TM) 64-Bit Server VM (25.101-b13 mixed mode bsd-amd64 compressed oops)
Heap:
 PSYoungGen      total 287744K, used 63933K [0x00000007aab00000, 0x00000007c0000000, 0x00000007c0000000)
  eden space 259584K, 13% used [0x00000007aab00000,0x00000007acdf7780,0x00000007ba880000)
  from space 28160K, 99% used [0x00000007ba880000,0x00000007bc3f8068,0x00000007bc400000)
  to   space 36352K, 0% used [0x00000007bdc80000,0x00000007bdc80000,0x00000007c0000000)
 ParOldGen       total 87552K, used 56078K [0x0000000780000000, 0x0000000785580000, 0x00000007aab00000)
  object space 87552K, 64% used [0x0000000780000000,0x00000007836c3938,0x0000000785580000)
 Metaspace       used 12524K, capacity 13096K, committed 13312K, reserved 1060864K
  class space    used 1888K, capacity 2009K, committed 2048K, reserved 1048576K
GC Heap History (10 events):
Event: 18329.710 GC heap before
{Heap before GC invocations=5 (full 0):
 PSYoungGen      total 71680K, used 71664K [0x00000007aab00000, 0x00000007af600000, 0x00000007c0000000)
  eden space 66560K, 100% used [0x00000007aab00000,0x00000007aec00000,0x00000007aec00000)
  from space 5120K, 99% used [0x00000007af100000,0x00000007af5fc320,0x00000007af600000)
  to   space 5120K, 0% used [0x00000007aec00000,0x00000007aec00000,0x00000007af100000)
 ParOldGen       total 87552K, used 19728K [0x0000000780000000, 0x0000000785580000, 0x00000007aab00000)
  object space 87552K, 22% used [0x0000000780000000,0x00000007813441a8,0x0000000785580000)
 Metaspace       used 10258K, capacity 10582K, committed 10624K, reserved 1058816K
  class space    used 1545K, capacity 1629K, committed 1664K, reserved 1048576K
Event: 18329.735 GC heap after
Heap after GC invocations=5 (full 0):
 PSYoungGen      total 71680K, used 5091K [0x00000007aab00000, 0x00000007b4600000, 0x00000007c0000000)
  eden space 66560K, 0% used [0x00000007aab00000,0x00000007aab00000,0x00000007aec00000)
  from space 5120K, 99% used [0x00000007aec00000,0x00000007af0f8ca0,0x00000007af100000)
  to   space 12800K, 0% used [0x00000007b3980000,0x00000007b3980000,0x00000007b4600000)
 ParOldGen       total 87552K, used 25544K [0x0000000780000000, 0x0000000785580000, 0x00000007aab00000)
  object space 87552K, 29% used [0x0000000780000000,0x00000007818f21b8,0x0000000785580000)
 Metaspace       used 10258K, capacity 10582K, committed 10624K, reserved 1058816K
  class space    used 1545K, capacity 1629K, committed 1664K, reserved 1048576K
}
Event: 18329.951 GC heap before
{Heap before GC invocations=6 (full 0):
 PSYoungGen      total 71680K, used 71651K [0x00000007aab00000, 0x00000007b4600000, 0x00000007c0000000)
  eden space 66560K, 100% used [0x00000007aab00000,0x00000007aec00000,0x00000007aec00000)
  from space 5120K, 99% used [0x00000007aec00000,0x00000007af0f8ca0,0x00000007af100000)
  to   space 12800K, 0% used [0x00000007b3980000,0x00000007b3980000,0x00000007b4600000)
 ParOldGen       total 87552K, used 25544K [0x0000000780000000, 0x0000000785580000, 0x00000007aab00000)
  object space 87552K, 29% used [0x0000000780000000,0x00000007818f21b8,0x0000000785580000)
 Metaspace       used 10268K, capacity 10582K, committed 10624K, reserved 1058816K
  class space    used 1545K, capacity 1629K, committed 1664K, reserved 1048576K
Event: 18329.977 GC heap after
Heap after GC invocations=6 (full 0):
 PSYoungGen      total 144384K, used 12773K [0x00000007aab00000, 0x00000007b4900000, 0x00000007c0000000)
  eden space 131584K, 0% used [0x00000007aab00000,0x00000007aab00000,0x00000007b2b80000)
  from space 12800K, 99% used [0x00000007b3980000,0x00000007b45f96c8,0x00000007b4600000)
  to   space 14336K, 0% used [0x00000007b2b80000,0x00000007b2b80000,0x00000007b3980000)
 ParOldGen       total 87552K, used 26424K [0x0000000780000000, 0x0000000785580000, 0x00000007aab00000)
  object space 87552K, 30% used [0x0000000780000000,0x00000007819ce1b8,0x0000000785580000)
 Metaspace       used 10268K, capacity 10582K, committed 10624K, reserved 1058816K
  class space    used 1545K, capacity 1629K, committed 1664K, reserved 1048576K
}
Event: 18331.558 GC heap before
{Heap before GC invocations=7 (full 0):
 PSYoungGen      total 144384K, used 144357K [0x00000007aab00000, 0x00000007b4900000, 0x00000007c0000000)
  eden space 131584K, 100% used [0x00000007aab00000,0x00000007b2b80000,0x00000007b2b80000)
  from space 12800K, 99% used [0x00000007b3980000,0x00000007b45f96c8,0x00000007b4600000)
  to   space 14336K, 0% used [0x00000007b2b80000,0x00000007b2b80000,0x00000007b3980000)
 ParOldGen       total 87552K, used 26424K [0x0000000780000000, 0x0000000785580000, 0x00000007aab00000)
  object space 87552K, 30% used [0x0000000780000000,0x00000007819ce1b8,0x0000000785580000)
 Metaspace       used 12016K, capacity 12504K, committed 12672K, reserved 1060864K
  class space    used 1806K, capacity 1904K, committed 1920K, reserved 1048576K
Event: 18331.625 GC heap after
Heap after GC invocations=7 (full 0):
 PSYoungGen      total 145920K, used 14324K [0x00000007aab00000, 0x00000007bdc00000, 0x00000007c0000000)
  eden space 131584K, 0% used [0x00000007aab00000,0x00000007aab00000,0x00000007b2b80000)
  from space 14336K, 99% used [0x00000007b2b80000,0x00000007b397d2c0,0x00000007b3980000)
  to   space 24576K, 0% used [0x00000007bc400000,0x00000007bc400000,0x00000007bdc00000)
 ParOldGen       total 87552K, used 44676K [0x0000000780000000, 0x0000000785580000, 0x00000007aab00000)
  object space 87552K, 51% used [0x0000000780000000,0x0000000782ba12b8,0x0000000785580000)
 Metaspace       used 12016K, capacity 12504K, committed 12672K, reserved 1060864K
  class space    used 1806K, capacity 1904K, committed 1920K, reserved 1048576K
}
Event: 18332.048 GC heap before
{Heap before GC invocations=8 (full 0):
 PSYoungGen      total 145920K, used 145908K [0x00000007aab00000, 0x00000007bdc00000, 0x00000007c0000000)
  eden space 131584K, 100% used [0x00000007aab00000,0x00000007b2b80000,0x00000007b2b80000)
  from space 14336K, 99% used [0x00000007b2b80000,0x00000007b397d2c0,0x00000007b3980000)
  to   space 24576K, 0% used [0x00000007bc400000,0x00000007bc400000,0x00000007bdc00000)
 ParOldGen       total 87552K, used 44676K [0x0000000780000000, 0x0000000785580000, 0x00000007aab00000)
  object space 87552K, 51% used [0x0000000780000000,0x0000000782ba12b8,0x0000000785580000)
 Metaspace       used 12108K, capacity 12608K, committed 12800K, reserved 1060864K
  class space    used 1848K, capacity 1939K, committed 2048K, reserved 1048576K
Event: 18332.107 GC heap after
Heap after GC invocations=8 (full 0):
 PSYoungGen      total 284160K, used 24532K [0x00000007aab00000, 0x00000007be300000, 0x00000007c0000000)
  eden space 259584K, 0% used [0x00000007aab00000,0x00000007aab00000,0x00000007ba880000)
  from space 24576K, 99% used [0x00000007bc400000,0x00000007bdbf52c0,0x00000007bdc00000)
  to   space 28160K, 0% used [0x00000007ba880000,0x00000007ba880000,0x00000007bc400000)
 ParOldGen       total 87552K, used 44868K [0x0000000780000000, 0x0000000785580000, 0x00000007aab00000)
  object space 87552K, 51% used [0x0000000780000000,0x0000000782bd12b8,0x0000000785580000)
 Metaspace       used 12108K, capacity 12608K, committed 12800K, reserved 1060864K
  class space    used 1848K, capacity 1939K, committed 2048K, reserved 1048576K
}
Event: 18333.360 GC heap before
{Heap before GC invocations=9 (full 0):
 PSYoungGen      total 284160K, used 284116K [0x00000007aab00000, 0x00000007be300000, 0x00000007c0000000)
  eden space 259584K, 100% used [0x00000007aab00000,0x00000007ba880000,0x00000007ba880000)
  from space 24576K, 99% used [0x00000007bc400000,0x00000007bdbf52c0,0x00000007bdc00000)
  to   space 28160K, 0% used [0x00000007ba880000,0x00000007ba880000,0x00000007bc400000)
 ParOldGen       total 87552K, used 44868K [0x0000000780000000, 0x0000000785580000, 0x00000007aab00000)
  object space 87552K, 51% used [0x0000000780000000,0x0000000782bd12b8,0x0000000785580000)
 Metaspace       used 12523K, capacity 13096K, committed 13312K, reserved 1060864K
  class space    used 1888K, capacity 2009K, committed 2048K, reserved 1048576K
Event: 18333.455 GC heap after
Heap after GC invocations=9 (full 0):
 PSYoungGen      total 287744K, used 28128K [0x00000007aab00000, 0x00000007c0000000, 0x00000007c0000000)
  eden space 259584K, 0% used [0x00000007aab00000,0x00000007aab00000,0x00000007ba880000)
  from space 28160K, 99% used [0x00000007ba880000,0x00000007bc3f8068,0x00000007bc400000)
  to   space 36352K, 0% used [0x00000007bdc80000,0x00000007bdc80000,0x00000007c0000000)
 ParOldGen       total 87552K, used 56078K [0x0000000780000000, 0x0000000785580000, 0x00000007aab00000)
  object space 87552K, 64% used [0x0000000780000000,0x00000007836c3938,0x0000000785580000)
 Metaspace       used 12523K, capacity 13096K, committed 13312K, reserved 1060864K
  class space    used 1888K, capacity 2009K, committed 2048K, reserved 1048576K
}

