# JRE version: Java(TM) SE Runtime Environment (8.0_101-b13) (build 1.8.0_101-b13)
# Java VM: Java HotSpot(TM) 64-Bit Server VM (25.101-b13 mixed mode bsd-amd64 compressed oops)
Heap:
 PSYoungGen      total 284672K, used 222301K [0x00000007aab00000, 0x00000007be300000, 0x00000007c0000000)
  eden space 260608K, 76% used [0x00000007aab00000,0x00000007b6c98a58,0x00000007ba980000)
  from space 24064K, 99% used [0x00000007bc480000,0x00000007bdbfec00,0x00000007bdc00000)
  to   space 27648K, 0% used [0x00000007ba980000,0x00000007ba980000,0x00000007bc480000)
 ParOldGen       total 87552K, used 44387K [0x0000000780000000, 0x0000000785580000, 0x00000007aab00000)
  object space 87552K, 50% used [0x0000000780000000,0x0000000782b58f40,0x0000000785580000)
 Metaspace       used 12482K, capacity 13024K, committed 13312K, reserved 1060864K
  class space    used 1886K, capacity 2007K, committed 2048K, reserved 1048576K
GC Heap History (10 events):
Event: 8.588 GC heap before
{Heap before GC invocations=4 (full 0):
 PSYoungGen      total 38400K, used 38018K [0x00000007aab00000, 0x00000007af600000, 0x00000007c0000000)
  eden space 33280K, 98% used [0x00000007aab00000,0x00000007acb24768,0x00000007acb80000)
  from space 5120K, 99% used [0x00000007acb80000,0x00000007ad07c310,0x00000007ad080000)
  to   space 5120K, 0% used [0x00000007af100000,0x00000007af100000,0x00000007af600000)
 ParOldGen       total 87552K, used 14062K [0x0000000780000000, 0x0000000785580000, 0x00000007aab00000)
  object space 87552K, 16% used [0x0000000780000000,0x0000000780dbb958,0x0000000785580000)
 Metaspace       used 10257K, capacity 10570K, committed 10624K, reserved 1058816K
  class space    used 1543K, capacity 1627K, committed 1664K, reserved 1048576K
Event: 8.614 GC heap after
Heap after GC invocations=4 (full 0):
 PSYoungGen      total 71680K, used 5096K [0x00000007aab00000, 0x00000007af600000, 0x00000007c0000000)
  eden space 66560K, 0% used [0x00000007aab00000,0x00000007aab00000,0x00000007aec00000)
  from space 5120K, 99% used [0x00000007af100000,0x00000007af5fa220,0x00000007af600000)
  to   space 5120K, 0% used [0x00000007aec00000,0x00000007aec00000,0x00000007af100000)
 ParOldGen       total 87552K, used 19786K [0x0000000780000000, 0x0000000785580000, 0x00000007aab00000)
  object space 87552K, 22% used [0x0000000780000000,0x0000000781352b10,0x0000000785580000)
 Metaspace       used 10257K, capacity 10570K, committed 10624K, reserved 1058816K
  class space    used 1543K, capacity 1627K, committed 1664K, reserved 1048576K
}
Event: 8.856 GC heap before
{Heap before GC invocations=5 (full 0):
 PSYoungGen      total 71680K, used 71656K [0x00000007aab00000, 0x00000007af600000, 0x00000007c0000000)
  eden space 66560K, 100% used [0x00000007aab00000,0x00000007aec00000,0x00000007aec00000)
  from space 5120K, 99% used [0x00000007af100000,0x00000007af5fa220,0x00000007af600000)
  to   space 5120K, 0% used [0x00000007aec00000,0x00000007aec00000,0x00000007af100000)
 ParOldGen       total 87552K, used 19786K [0x0000000780000000, 0x0000000785580000, 0x00000007aab00000)
  object space 87552K, 22% used [0x0000000780000000,0x0000000781352b10,0x0000000785580000)
 Metaspace       used 10273K, capacity 10582K, committed 10624K, reserved 1058816K
  class space    used 1545K, capacity 1629K, committed 1664K, reserved 1048576K
Event: 8.888 GC heap after
Heap after GC invocations=5 (full 0):
 PSYoungGen      total 71680K, used 5099K [0x00000007aab00000, 0x00000007b4700000, 0x00000007c0000000)
  eden space 66560K, 0% used [0x00000007aab00000,0x00000007aab00000,0x00000007aec00000)
  from space 5120K, 99% used [0x00000007aec00000,0x00000007af0fad98,0x00000007af100000)
  to   space 13312K, 0% used [0x00000007b3a00000,0x00000007b3a00000,0x00000007b4700000)
 ParOldGen       total 87552K, used 26818K [0x0000000780000000, 0x0000000785580000, 0x00000007aab00000)
  object space 87552K, 30% used [0x0000000780000000,0x0000000781a30b30,0x0000000785580000)
 Metaspace       used 10273K, capacity 10582K, committed 10624K, reserved 1058816K
  class space    used 1545K, capacity 1629K, committed 1664K, reserved 1048576K
}
Event: 9.094 GC heap before
{Heap before GC invocations=6 (full 0):
 PSYoungGen      total 71680K, used 71659K [0x00000007aab00000, 0x00000007b4700000, 0x00000007c0000000)
  eden space 66560K, 100% used [0x00000007aab00000,0x00000007aec00000,0x00000007aec00000)
  from space 5120K, 99% used [0x00000007aec00000,0x00000007af0fad98,0x00000007af100000)
  to   space 13312K, 0% used [0x00000007b3a00000,0x00000007b3a00000,0x00000007b4700000)
 ParOldGen       total 87552K, used 26818K [0x0000000780000000, 0x0000000785580000, 0x00000007aab00000)
  object space 87552K, 30% used [0x0000000780000000,0x0000000781a30b30,0x0000000785580000)
 Metaspace       used 10283K, capacity 10646K, committed 10880K, reserved 1058816K
  class space    used 1545K, capacity 1629K, committed 1664K, reserved 1048576K
Event: 9.117 GC heap after
Heap after GC invocations=6 (full 0):
 PSYoungGen      total 145408K, used 12875K [0x00000007aab00000, 0x00000007b4900000, 0x00000007c0000000)
  eden space 132096K, 0% used [0x00000007aab00000,0x00000007aab00000,0x00000007b2c00000)
  from space 13312K, 96% used [0x00000007b3a00000,0x00000007b4692f18,0x00000007b4700000)
  to   space 14336K, 0% used [0x00000007b2c00000,0x00000007b2c00000,0x00000007b3a00000)
 ParOldGen       total 87552K, used 26818K [0x0000000780000000, 0x0000000785580000, 0x00000007aab00000)
  object space 87552K, 30% used [0x0000000780000000,0x0000000781a30b30,0x0000000785580000)
 Metaspace       used 10283K, capacity 10646K, committed 10880K, reserved 1058816K
  class space    used 1545K, capacity 1629K, committed 1664K, reserved 1048576K
}
Event: 10.537 GC heap before
{Heap before GC invocations=7 (full 0):
 PSYoungGen      total 145408K, used 144971K [0x00000007aab00000, 0x00000007b4900000, 0x00000007c0000000)
  eden space 132096K, 100% used [0x00000007aab00000,0x00000007b2c00000,0x00000007b2c00000)
  from space 13312K, 96% used [0x00000007b3a00000,0x00000007b4692f18,0x00000007b4700000)
  to   space 14336K, 0% used [0x00000007b2c00000,0x00000007b2c00000,0x00000007b3a00000)
 ParOldGen       total 87552K, used 26818K [0x0000000780000000, 0x0000000785580000, 0x00000007aab00000)
  object space 87552K, 30% used [0x0000000780000000,0x0000000781a30b30,0x0000000785580000)
 Metaspace       used 12064K, capacity 12634K, committed 12672K, reserved 1060864K
  class space    used 1806K, capacity 1903K, committed 1920K, reserved 1048576K
Event: 10.607 GC heap after
Heap after GC invocations=7 (full 0):
 PSYoungGen      total 146432K, used 14331K [0x00000007aab00000, 0x00000007bdc00000, 0x00000007c0000000)
  eden space 132096K, 0% used [0x00000007aab00000,0x00000007aab00000,0x00000007b2c00000)
  from space 14336K, 99% used [0x00000007b2c00000,0x00000007b39fec00,0x00000007b3a00000)
  to   space 24064K, 0% used [0x00000007bc480000,0x00000007bc480000,0x00000007bdc00000)
 ParOldGen       total 87552K, used 43814K [0x0000000780000000, 0x0000000785580000, 0x00000007aab00000)
  object space 87552K, 50% used [0x0000000780000000,0x0000000782ac9a48,0x0000000785580000)
 Metaspace       used 12064K, capacity 12634K, committed 12672K, reserved 1060864K
  class space    used 1806K, capacity 1903K, committed 1920K, reserved 1048576K
}
Event: 11.003 GC heap before
{Heap before GC invocations=8 (full 0):
 PSYoungGen      total 146432K, used 146427K [0x00000007aab00000, 0x00000007bdc00000, 0x00000007c0000000)
  eden space 132096K, 100% used [0x00000007aab00000,0x00000007b2c00000,0x00000007b2c00000)
  from space 14336K, 99% used [0x00000007b2c00000,0x00000007b39fec00,0x00000007b3a00000)
  to   space 24064K, 0% used [0x00000007bc480000,0x00000007bc480000,0x00000007bdc00000)
 ParOldGen       total 87552K, used 43814K [0x0000000780000000, 0x0000000785580000, 0x00000007aab00000)
  object space 87552K, 50% used [0x0000000780000000,0x0000000782ac9a48,0x0000000785580000)
 Metaspace       used 12155K, capacity 12738K, committed 13056K, reserved 1060864K
  class space    used 1848K, capacity 1938K, committed 2048K, reserved 1048576K
Event: 11.050 GC heap after
Heap after GC invocations=8 (full 0):
 PSYoungGen      total 284672K, used 24059K [0x00000007aab00000, 0x00000007be300000, 0x00000007c0000000)
  eden space 260608K, 0% used [0x00000007aab00000,0x00000007aab00000,0x00000007ba980000)
  from space 24064K, 99% used [0x00000007bc480000,0x00000007bdbfec00,0x00000007bdc00000)
  to   space 27648K, 0% used [0x00000007ba980000,0x00000007ba980000,0x00000007bc480000)
 ParOldGen       total 87552K, used 44387K [0x0000000780000000, 0x0000000785580000, 0x00000007aab00000)
  object space 87552K, 50% used [0x0000000780000000,0x0000000782b58f40,0x0000000785580000)
 Metaspace       used 12155K, capacity 12738K, committed 13056K, reserved 1060864K
  class space    used 1848K, capacity 1938K, committed 2048K, reserved 1048576K
}

